AdvancePayApp/app/build/intermediates/manifest_merge_blame_file/debug/manifest-merger-blame-debug-report.txt
1<?xml version="1.0" encoding="utf-8"?>
2<manifest xmlns:android="http://schemas.android.com/apk/res/android"
3    package="com.advancepay.debug"
4    android:versionCode="1"
5    android:versionName="1.0-debug" >
6
7    <uses-sdk
8        android:minSdkVersion="24"
9        android:targetSdkVersion="33" />
10
11    <!-- Для Android 11+ - видимость банковских приложений -->
12    <queries>
12-->src\main\AndroidManifest.xml:6:5-11:15
13        <package android:name="ru.sberbankmobile" />
13-->src\main\AndroidManifest.xml:7:9-53
13-->src\main\AndroidManifest.xml:7:18-50
14        <package android:name="com.idamob.tinkoff.android" />
14-->src\main\AndroidManifest.xml:8:9-62
14-->src\main\AndroidManifest.xml:8:18-59
15        <package android:name="ru.vtb24.mobilebanking.android" />
15-->src\main\AndroidManifest.xml:9:9-66
15-->src\main\AndroidManifest.xml:9:18-63
16        <package android:name="ru.alfabank.mobile.android" />
16-->src\main\AndroidManifest.xml:10:9-62
16-->src\main\AndroidManifest.xml:10:18-59
17    </queries>
18
19    <!-- Базовые разрешения -->
20    <uses-permission android:name="android.permission.INTERNET" />
20-->src\main\AndroidManifest.xml:14:5-67
20-->src\main\AndroidManifest.xml:14:22-64
21    <uses-permission android:name="android.permission.ACCESS_NETWORK_STATE" />
21-->src\main\AndroidManifest.xml:15:5-79
21-->src\main\AndroidManifest.xml:15:22-76
22
23    <!-- Foreground Service (опционально для Android 9+) -->
24    <uses-permission android:name="android.permission.FOREGROUND_SERVICE" />
24-->src\main\AndroidManifest.xml:18:5-77
24-->src\main\AndroidManifest.xml:18:22-74
25    <uses-permission
25-->src\main\AndroidManifest.xml:19:5-20:38
26        android:name="android.permission.FOREGROUND_SERVICE_DATA_SYNC"
26-->src\main\AndroidManifest.xml:19:22-84
27        android:minSdkVersion="34" />
27-->src\main\AndroidManifest.xml:20:9-35
28
29    <!-- Уведомления (опционально для Android 13+) -->
30    <uses-permission
30-->src\main\AndroidManifest.xml:23:5-24:38
31        android:name="android.permission.POST_NOTIFICATIONS"
31-->src\main\AndroidManifest.xml:23:22-74
32        android:minSdkVersion="33" />
32-->src\main\AndroidManifest.xml:24:9-35
33
34    <!-- Прочие -->
35    <uses-permission android:name="android.permission.WAKE_LOCK" />
35-->src\main\AndroidManifest.xml:27:5-68
35-->src\main\AndroidManifest.xml:27:22-65
36    <uses-permission android:name="android.permission.RECEIVE_BOOT_COMPLETED" />
36-->src\main\AndroidManifest.xml:28:5-81
36-->src\main\AndroidManifest.xml:28:22-78
37    <uses-permission
37-->src\main\AndroidManifest.xml:29:5-30:38
38        android:name="android.permission.SCHEDULE_EXACT_ALARM"
38-->src\main\AndroidManifest.xml:29:22-76
39        android:minSdkVersion="31" />
39-->src\main\AndroidManifest.xml:30:9-35
40
41    <permission
41-->[androidx.core:core:1.13.1] AndroidManifest.xml:22:5-24:47
42        android:name="com.advancepay.debug.DYNAMIC_RECEIVER_NOT_EXPORTED_PERMISSION"
42-->[androidx.core:core:1.13.1] AndroidManifest.xml:23:9-81
43        android:protectionLevel="signature" />
43-->[androidx.core:core:1.13.1] AndroidManifest.xml:24:9-44
44
45    <uses-permission android:name="com.advancepay.debug.DYNAMIC_RECEIVER_NOT_EXPORTED_PERMISSION" />
45-->[androidx.core:core:1.13.1] AndroidManifest.xml:26:5-97
45-->[androidx.core:core:1.13.1] AndroidManifest.xml:26:22-94
46
47    <application
47-->src\main\AndroidManifest.xml:32:5-101:19
48        android:allowBackup="true"
48-->src\main\AndroidManifest.xml:33:9-35
49        android:appComponentFactory="androidx.core.app.CoreComponentFactory"
49-->[androidx.core:core:1.13.1] AndroidManifest.xml:28:18-86
50        android:dataExtractionRules="@xml/data_extraction_rules"
50-->src\main\AndroidManifest.xml:34:9-65
51        android:debuggable="true"
52        android:extractNativeLibs="false"
53        android:fullBackupContent="@xml/backup_rules"
53-->src\main\AndroidManifest.xml:35:9-54
54        android:icon="@drawable/ic_launcher"
54-->src\main\AndroidManifest.xml:36:9-45
55        android:label="@string/app_name"
55-->src\main\AndroidManifest.xml:37:9-41
56        android:roundIcon="@drawable/ic_launcher_round"
56-->src\main\AndroidManifest.xml:38:9-56
57        android:supportsRtl="true"
57-->src\main\AndroidManifest.xml:39:9-35
58        android:theme="@style/Theme.AdvancePay"
58-->src\main\AndroidManifest.xml:40:9-48
59        android:usesCleartextTraffic="true" >
59-->src\main\AndroidManifest.xml:41:9-44
60
61        <!-- Permission Activity (стартовая - проверка разрешений) -->
62        <activity
62-->src\main\AndroidManifest.xml:45:9-53:20
63            android:name="com.advancepay.ui.permission.PermissionActivity"
63-->src\main\AndroidManifest.xml:46:13-61
64            android:exported="true"
64-->src\main\AndroidManifest.xml:47:13-36
65            android:theme="@style/Theme.AdvancePay" >
65-->src\main\AndroidManifest.xml:48:13-52
66            <intent-filter>
66-->src\main\AndroidManifest.xml:49:13-52:29
67                <action android:name="android.intent.action.MAIN" />
67-->src\main\AndroidManifest.xml:50:17-69
67-->src\main\AndroidManifest.xml:50:25-66
68
69                <category android:name="android.intent.category.LAUNCHER" />
69-->src\main\AndroidManifest.xml:51:17-77
69-->src\main\AndroidManifest.xml:51:27-74
70            </intent-filter>
71        </activity>
72
73        <!-- Login Activity -->
74        <activity
74-->src\main\AndroidManifest.xml:56:9-59:55
75            android:name="com.advancepay.ui.auth.LoginActivity"
75-->src\main\AndroidManifest.xml:57:13-50
76            android:exported="false"
76-->src\main\AndroidManifest.xml:58:13-37
77            android:theme="@style/Theme.AdvancePay" />
77-->src\main\AndroidManifest.xml:59:13-52
78
79        <!-- Main Activity -->
80        <activity
80-->src\main\AndroidManifest.xml:62:9-65:47
81            android:name="com.advancepay.ui.main.MainActivity"
81-->src\main\AndroidManifest.xml:63:13-49
82            android:exported="false"
82-->src\main\AndroidManifest.xml:64:13-37
83            android:launchMode="singleTask" />
83-->src\main\AndroidManifest.xml:65:13-44
84
85        <!-- History Activity -->
86        <activity
86-->src\main\AndroidManifest.xml:68:9-71:66
87            android:name="com.advancepay.ui.history.HistoryActivity"
87-->src\main\AndroidManifest.xml:69:13-55
88            android:exported="false"
88-->src\main\AndroidManifest.xml:70:13-37
89            android:parentActivityName="com.advancepay.ui.main.MainActivity" />
89-->src\main\AndroidManifest.xml:71:13-63
90
91        <!-- Foreground Service -->
92        <service
92-->src\main\AndroidManifest.xml:74:9-79:35
93            android:name="com.advancepay.service.MonitoringForegroundService"
93-->src\main\AndroidManifest.xml:75:13-64
94            android:enabled="true"
94-->src\main\AndroidManifest.xml:76:13-35
95            android:exported="false"
95-->src\main\AndroidManifest.xml:77:13-37
96            android:foregroundServiceType="dataSync" />
96-->src\main\AndroidManifest.xml:78:13-53
97
98        <!-- Notification Listener Service -->
99        <service
99-->src\main\AndroidManifest.xml:82:9-89:19
100            android:name="com.advancepay.service.BankNotificationListener"
100-->src\main\AndroidManifest.xml:83:13-61
101            android:exported="true"
101-->src\main\AndroidManifest.xml:84:13-36
102            android:permission="android.permission.BIND_NOTIFICATION_LISTENER_SERVICE" >
102-->src\main\AndroidManifest.xml:85:13-87
103            <intent-filter>
103-->src\main\AndroidManifest.xml:86:13-88:29
104                <action android:name="android.service.notification.NotificationListenerService" />
104-->src\main\AndroidManifest.xml:87:17-99
104-->src\main\AndroidManifest.xml:87:25-96
105            </intent-filter>
106        </service>
107
108        <!-- Boot Receiver -->
109        <receiver
109-->src\main\AndroidManifest.xml:92:9-99:20
110            android:name="com.advancepay.service.BootReceiver"
110-->src\main\AndroidManifest.xml:93:13-49
111            android:enabled="true"
111-->src\main\AndroidManifest.xml:94:13-35
112            android:exported="true" >
112-->src\main\AndroidManifest.xml:95:13-36
113            <intent-filter>
113-->src\main\AndroidManifest.xml:96:13-98:29
114                <action android:name="android.intent.action.BOOT_COMPLETED" />
114-->src\main\AndroidManifest.xml:97:17-79
114-->src\main\AndroidManifest.xml:97:25-76
115            </intent-filter>
116        </receiver>
117
118        <provider
118-->[androidx.emoji2:emoji2:1.3.0] AndroidManifest.xml:24:9-32:20
119            android:name="androidx.startup.InitializationProvider"
119-->[androidx.emoji2:emoji2:1.3.0] AndroidManifest.xml:25:13-67
120            android:authorities="com.advancepay.debug.androidx-startup"
120-->[androidx.emoji2:emoji2:1.3.0] AndroidManifest.xml:26:13-68
121            android:exported="false" >
121-->[androidx.emoji2:emoji2:1.3.0] AndroidManifest.xml:27:13-37
122            <meta-data
122-->[androidx.emoji2:emoji2:1.3.0] AndroidManifest.xml:29:13-31:52
123                android:name="androidx.emoji2.text.EmojiCompatInitializer"
123-->[androidx.emoji2:emoji2:1.3.0] AndroidManifest.xml:30:17-75
124                android:value="androidx.startup" />
124-->[androidx.emoji2:emoji2:1.3.0] AndroidManifest.xml:31:17-49
125            <meta-data
125-->[androidx.work:work-runtime:2.9.0] AndroidManifest.xml:34:13-36:52
126                android:name="androidx.work.WorkManagerInitializer"
126-->[androidx.work:work-runtime:2.9.0] AndroidManifest.xml:35:17-68
127                android:value="androidx.startup" />
127-->[androidx.work:work-runtime:2.9.0] AndroidManifest.xml:36:17-49
128            <meta-data
128-->[androidx.lifecycle:lifecycle-process:2.8.4] AndroidManifest.xml:29:13-31:52
129                android:name="androidx.lifecycle.ProcessLifecycleInitializer"
129-->[androidx.lifecycle:lifecycle-process:2.8.4] AndroidManifest.xml:30:17-78
130                android:value="androidx.startup" />
130-->[androidx.lifecycle:lifecycle-process:2.8.4] AndroidManifest.xml:31:17-49
131            <meta-data
131-->[androidx.profileinstaller:profileinstaller:1.3.1] AndroidManifest.xml:29:13-31:52
132                android:name="androidx.profileinstaller.ProfileInstallerInitializer"
132-->[androidx.profileinstaller:profileinstaller:1.3.1] AndroidManifest.xml:30:17-85
133                android:value="androidx.startup" />
133-->[androidx.profileinstaller:profileinstaller:1.3.1] AndroidManifest.xml:31:17-49
134        </provider>
135
136        <service
136-->[androidx.work:work-runtime:2.9.0] AndroidManifest.xml:39:9-45:35
137            android:name="androidx.work.impl.background.systemalarm.SystemAlarmService"
137-->[androidx.work:work-runtime:2.9.0] AndroidManifest.xml:40:13-88
138            android:directBootAware="false"
138-->[androidx.work:work-runtime:2.9.0] AndroidManifest.xml:41:13-44
139            android:enabled="@bool/enable_system_alarm_service_default"
139-->[androidx.work:work-runtime:2.9.0] AndroidManifest.xml:42:13-72
140            android:exported="false" />
140-->[androidx.work:work-runtime:2.9.0] AndroidManifest.xml:43:13-37
141        <service
141-->[androidx.work:work-runtime:2.9.0] AndroidManifest.xml:46:9-52:35
142            android:name="androidx.work.impl.background.systemjob.SystemJobService"
142-->[androidx.work:work-runtime:2.9.0] AndroidManifest.xml:47:13-84
143            android:directBootAware="false"
143-->[androidx.work:work-runtime:2.9.0] AndroidManifest.xml:48:13-44
144            android:enabled="@bool/enable_system_job_service_default"
144-->[androidx.work:work-runtime:2.9.0] AndroidManifest.xml:49:13-70
145            android:exported="true"
145-->[androidx.work:work-runtime:2.9.0] AndroidManifest.xml:50:13-36
146            android:permission="android.permission.BIND_JOB_SERVICE" />
146-->[androidx.work:work-runtime:2.9.0] AndroidManifest.xml:51:13-69
147        <service
147-->[androidx.work:work-runtime:2.9.0] AndroidManifest.xml:53:9-59:35
148            android:name="androidx.work.impl.foreground.SystemForegroundService"
148-->[androidx.work:work-runtime:2.9.0] AndroidManifest.xml:54:13-81
149            android:directBootAware="false"
149-->[androidx.work:work-runtime:2.9.0] AndroidManifest.xml:55:13-44
150            android:enabled="@bool/enable_system_foreground_service_default"
150-->[androidx.work:work-runtime:2.9.0] AndroidManifest.xml:56:13-77
151            android:exported="false" />
151-->[androidx.work:work-runtime:2.9.0] AndroidManifest.xml:57:13-37
152
153        <receiver
153-->[androidx.work:work-runtime:2.9.0] AndroidManifest.xml:61:9-66:35
154            android:name="androidx.work.impl.utils.ForceStopRunnable$BroadcastReceiver"
154-->[androidx.work:work-runtime:2.9.0] AndroidManifest.xml:62:13-88
155            android:directBootAware="false"
155-->[androidx.work:work-runtime:2.9.0] AndroidManifest.xml:63:13-44
156            android:enabled="true"
156-->[androidx.work:work-runtime:2.9.0] AndroidManifest.xml:64:13-35
157            android:exported="false" />
157-->[androidx.work:work-runtime:2.9.0] AndroidManifest.xml:65:13-37
158        <receiver
158-->[androidx.work:work-runtime:2.9.0] AndroidManifest.xml:67:9-77:20
159            android:name="androidx.work.impl.background.systemalarm.ConstraintProxy$BatteryChargingProxy"
159-->[androidx.work:work-runtime:2.9.0] AndroidManifest.xml:68:13-106
160            android:directBootAware="false"
160-->[androidx.work:work-runtime:2.9.0] AndroidManifest.xml:69:13-44
161            android:enabled="false"
161-->[androidx.work:work-runtime:2.9.0] AndroidManifest.xml:70:13-36
162            android:exported="false" >
162-->[androidx.work:work-runtime:2.9.0] AndroidManifest.xml:71:13-37
163            <intent-filter>
163-->[androidx.work:work-runtime:2.9.0] AndroidManifest.xml:73:13-76:29
164                <action android:name="android.intent.action.ACTION_POWER_CONNECTED" />
164-->[androidx.work:work-runtime:2.9.0] AndroidManifest.xml:74:17-87
164-->[androidx.work:work-runtime:2.9.0] AndroidManifest.xml:74:25-84
165                <action android:name="android.intent.action.ACTION_POWER_DISCONNECTED" />
165-->[androidx.work:work-runtime:2.9.0] AndroidManifest.xml:75:17-90
165-->[androidx.work:work-runtime:2.9.0] AndroidManifest.xml:75:25-87
166            </intent-filter>
167        </receiver>
168        <receiver
168-->[androidx.work:work-runtime:2.9.0] AndroidManifest.xml:78:9-88:20
169            android:name="androidx.work.impl.background.systemalarm.ConstraintProxy$BatteryNotLowProxy"
169-->[androidx.work:work-runtime:2.9.0] AndroidManifest.xml:79:13-104
170            android:directBootAware="false"
170-->[androidx.work:work-runtime:2.9.0] AndroidManifest.xml:80:13-44
171            android:enabled="false"
171-->[androidx.work:work-runtime:2.9.0] AndroidManifest.xml:81:13-36
172            android:exported="false" >
172-->[androidx.work:work-runtime:2.9.0] AndroidManifest.xml:82:13-37
173            <intent-filter>
173-->[androidx.work:work-runtime:2.9.0] AndroidManifest.xml:84:13-87:29
174                <action android:name="android.intent.action.BATTERY_OKAY" />
174-->[androidx.work:work-runtime:2.9.0] AndroidManifest.xml:85:17-77
174-->[androidx.work:work-runtime:2.9.0] AndroidManifest.xml:85:25-74
175                <action android:name="android.intent.action.BATTERY_LOW" />
175-->[androidx.work:work-runtime:2.9.0] AndroidManifest.xml:86:17-76
175-->[androidx.work:work-runtime:2.9.0] AndroidManifest.xml:86:25-73
176            </intent-filter>
177        </receiver>
178        <receiver
178-->[androidx.work:work-runtime:2.9.0] AndroidManifest.xml:89:9-99:20
179            android:name="androidx.work.impl.background.systemalarm.ConstraintProxy$StorageNotLowProxy"
179-->[androidx.work:work-runtime:2.9.0] AndroidManifest.xml:90:13-104
180            android:directBootAware="false"
180-->[androidx.work:work-runtime:2.9.0] AndroidManifest.xml:91:13-44
181            android:enabled="false"
181-->[androidx.work:work-runtime:2.9.0] AndroidManifest.xml:92:13-36
182            android:exported="false" >
182-->[androidx.work:work-runtime:2.9.0] AndroidManifest.xml:93:13-37
183            <intent-filter>
183-->[androidx.work:work-runtime:2.9.0] AndroidManifest.xml:95:13-98:29
184                <action android:name="android.intent.action.DEVICE_STORAGE_LOW" />
184-->[androidx.work:work-runtime:2.9.0] AndroidManifest.xml:96:17-83
184-->[androidx.work:work-runtime:2.9.0] AndroidManifest.xml:96:25-80
185                <action android:name="android.intent.action.DEVICE_STORAGE_OK" />
185-->[androidx.work:work-runtime:2.9.0] AndroidManifest.xml:97:17-82
185-->[androidx.work:work-runtime:2.9.0] AndroidManifest.xml:97:25-79
186            </intent-filter>
187        </receiver>
188        <receiver
188-->[androidx.work:work-runtime:2.9.0] AndroidManifest.xml:100:9-109:20
189            android:name="androidx.work.impl.background.systemalarm.ConstraintProxy$NetworkStateProxy"
189-->[androidx.work:work-runtime:2.9.0] AndroidManifest.xml:101:13-103
190            android:directBootAware="false"
190-->[androidx.work:work-runtime:2.9.0] AndroidManifest.xml:102:13-44
191            android:enabled="false"
191-->[androidx.work:work-runtime:2.9.0] AndroidManifest.xml:103:13-36
192            android:exported="false" >
192-->[androidx.work:work-runtime:2.9.0] AndroidManifest.xml:104:13-37
193            <intent-filter>
193-->[androidx.work:work-runtime:2.9.0] AndroidManifest.xml:106:13-108:29
194                <action android:name="android.net.conn.CONNECTIVITY_CHANGE" />
194-->[androidx.work:work-runtime:2.9.0] AndroidManifest.xml:107:17-79
194-->[androidx.work:work-runtime:2.9.0] AndroidManifest.xml:107:25-76
195            </intent-filter>
196        </receiver>
197        <receiver
197-->[androidx.work:work-runtime:2.9.0] AndroidManifest.xml:110:9-121:20
198            android:name="androidx.work.impl.background.systemalarm.RescheduleReceiver"
198-->[androidx.work:work-runtime:2.9.0] AndroidManifest.xml:111:13-88
199            android:directBootAware="false"
199-->[androidx.work:work-runtime:2.9.0] AndroidManifest.xml:112:13-44
200            android:enabled="false"
200-->[androidx.work:work-runtime:2.9.0] AndroidManifest.xml:113:13-36
201            android:exported="false" >
201-->[androidx.work:work-runtime:2.9.0] AndroidManifest.xml:114:13-37
202            <intent-filter>
202-->[androidx.work:work-runtime:2.9.0] AndroidManifest.xml:116:13-120:29
203                <action android:name="android.intent.action.BOOT_COMPLETED" />
203-->src\main\AndroidManifest.xml:97:17-79
203-->src\main\AndroidManifest.xml:97:25-76
204                <action android:name="android.intent.action.TIME_SET" />
204-->[androidx.work:work-runtime:2.9.0] AndroidManifest.xml:118:17-73
204-->[androidx.work:work-runtime:2.9.0] AndroidManifest.xml:118:25-70
205                <action android:name="android.intent.action.TIMEZONE_CHANGED" />
205-->[androidx.work:work-runtime:2.9.0] AndroidManifest.xml:119:17-81
205-->[androidx.work:work-runtime:2.9.0] AndroidManifest.xml:119:25-78
206            </intent-filter>
207        </receiver>
208        <receiver
208-->[androidx.work:work-runtime:2.9.0] AndroidManifest.xml:122:9-131:20
209            android:name="androidx.work.impl.background.systemalarm.ConstraintProxyUpdateReceiver"
209-->[androidx.work:work-runtime:2.9.0] AndroidManifest.xml:123:13-99
210            android:directBootAware="false"
210-->[androidx.work:work-runtime:2.9.0] AndroidManifest.xml:124:13-44
211            android:enabled="@bool/enable_system_alarm_service_default"
211-->[androidx.work:work-runtime:2.9.0] AndroidManifest.xml:125:13-72
212            android:exported="false" >
212-->[androidx.work:work-runtime:2.9.0] AndroidManifest.xml:126:13-37
213            <intent-filter>
213-->[androidx.work:work-runtime:2.9.0] AndroidManifest.xml:128:13-130:29
214                <action android:name="androidx.work.impl.background.systemalarm.UpdateProxies" />
214-->[androidx.work:work-runtime:2.9.0] AndroidManifest.xml:129:17-98
214-->[androidx.work:work-runtime:2.9.0] AndroidManifest.xml:129:25-95
215            </intent-filter>
216        </receiver>
217        <receiver
217-->[androidx.work:work-runtime:2.9.0] AndroidManifest.xml:132:9-142:20
218            android:name="androidx.work.impl.diagnostics.DiagnosticsReceiver"
218-->[androidx.work:work-runtime:2.9.0] AndroidManifest.xml:133:13-78
219            android:directBootAware="false"
219-->[androidx.work:work-runtime:2.9.0] AndroidManifest.xml:134:13-44
220            android:enabled="true"
220-->[androidx.work:work-runtime:2.9.0] AndroidManifest.xml:135:13-35
221            android:exported="true"
221-->[androidx.work:work-runtime:2.9.0] AndroidManifest.xml:136:13-36
222            android:permission="android.permission.DUMP" >
222-->[androidx.work:work-runtime:2.9.0] AndroidManifest.xml:137:13-57
223            <intent-filter>
223-->[androidx.work:work-runtime:2.9.0] AndroidManifest.xml:139:13-141:29
224                <action android:name="androidx.work.diagnostics.REQUEST_DIAGNOSTICS" />
224-->[androidx.work:work-runtime:2.9.0] AndroidManifest.xml:140:17-88
224-->[androidx.work:work-runtime:2.9.0] AndroidManifest.xml:140:25-85
225            </intent-filter>
226        </receiver>
227
228        <service
228-->[androidx.room:room-runtime:2.5.0] AndroidManifest.xml:24:9-28:63
229            android:name="androidx.room.MultiInstanceInvalidationService"
229-->[androidx.room:room-runtime:2.5.0] AndroidManifest.xml:25:13-74
230            android:directBootAware="true"
230-->[androidx.room:room-runtime:2.5.0] AndroidManifest.xml:26:13-43
231            android:exported="false" />
231-->[androidx.room:room-runtime:2.5.0] AndroidManifest.xml:27:13-37
232
233        <receiver
233-->[androidx.profileinstaller:profileinstaller:1.3.1] AndroidManifest.xml:34:9-52:20
234            android:name="androidx.profileinstaller.ProfileInstallReceiver"
234-->[androidx.profileinstaller:profileinstaller:1.3.1] AndroidManifest.xml:35:13-76
235            android:directBootAware="false"
235-->[androidx.profileinstaller:profileinstaller:1.3.1] AndroidManifest.xml:36:13-44
236            android:enabled="true"
236-->[androidx.profileinstaller:profileinstaller:1.3.1] AndroidManifest.xml:37:13-35
237            android:exported="true"
237-->[androidx.profileinstaller:profileinstaller:1.3.1] AndroidManifest.xml:38:13-36
238            android:permission="android.permission.DUMP" >
238-->[androidx.profileinstaller:profileinstaller:1.3.1] AndroidManifest.xml:39:13-57
239            <intent-filter>
239-->[androidx.profileinstaller:profileinstaller:1.3.1] AndroidManifest.xml:40:13-42:29
240                <action android:name="androidx.profileinstaller.action.INSTALL_PROFILE" />
240-->[androidx.profileinstaller:profileinstaller:1.3.1] AndroidManifest.xml:41:17-91
240-->[androidx.profileinstaller:profileinstaller:1.3.1] AndroidManifest.xml:41:25-88
241            </intent-filter>
242            <intent-filter>
242-->[androidx.profileinstaller:profileinstaller:1.3.1] AndroidManifest.xml:43:13-45:29
243                <action android:name="androidx.profileinstaller.action.SKIP_FILE" />
243-->[androidx.profileinstaller:profileinstaller:1.3.1] AndroidManifest.xml:44:17-85
243-->[androidx.profileinstaller:profileinstaller:1.3.1] AndroidManifest.xml:44:25-82
244            </intent-filter>
245            <intent-filter>
245-->[androidx.profileinstaller:profileinstaller:1.3.1] AndroidManifest.xml:46:13-48:29
246                <action android:name="androidx.profileinstaller.action.SAVE_PROFILE" />
246-->[androidx.profileinstaller:profileinstaller:1.3.1] AndroidManifest.xml:47:17-88
246-->[androidx.profileinstaller:profileinstaller:1.3.1] AndroidManifest.xml:47:25-85
247            </intent-filter>
248            <intent-filter>
248-->[androidx.profileinstaller:profileinstaller:1.3.1] AndroidManifest.xml:49:13-51:29
249                <action android:name="androidx.profileinstaller.action.BENCHMARK_OPERATION" />
249-->[androidx.profileinstaller:profileinstaller:1.3.1] AndroidManifest.xml:50:17-95
249-->[androidx.profileinstaller:profileinstaller:1.3.1] AndroidManifest.xml:50:25-92
250            </intent-filter>
251        </receiver>
252    </application>
253
254</manifest>